<?xml version="1.0" encoding="UTF-8"?>
<testsuite name="farmacias.AppOchoa.controllerTest.ProductoControllerTest" tests="3" skipped="0" failures="0" errors="0" timestamp="2026-03-28T02:46:44.197Z" hostname="JULIAN" time="0.633">
  <properties/>
  <testcase name="DELETE /api/v1/productos/{id} - Debería retornar 204 No Content" classname="farmacias.AppOchoa.controllerTest.ProductoControllerTest" time="0.249"/>
  <testcase name="GET /api/v1/productos/{id} - Debería retornar 200 y el JSON del producto" classname="farmacias.AppOchoa.controllerTest.ProductoControllerTest" time="0.188"/>
  <testcase name="POST /api/v1/productos - Debería retornar 201 Created" classname="farmacias.AppOchoa.controllerTest.ProductoControllerTest" time="0.19"/>
  <system-out><![CDATA[20:46:38.549 [Test worker] INFO org.springframework.test.context.support.AnnotationConfigContextLoaderUtils -- Could not detect default configuration classes for test class [farmacias.AppOchoa.controllerTest.ProductoControllerTest]: ProductoControllerTest does not declare any static, non-private, non-final, nested classes annotated with @Configuration.
20:46:38.861 [Test worker] INFO org.springframework.boot.test.context.SpringBootTestContextBootstrapper -- Found @SpringBootConfiguration farmacias.AppOchoa.AppOchoaApplication for test class farmacias.AppOchoa.controllerTest.ProductoControllerTest
  .   ____          _            __ _ _
 /\\ / ___'_ __ _ _(_)_ __  __ _ \ \ \ \
( ( )\___ | '_ | '_| | '_ \/ _` | \ \ \ \
 \\/  ___)| |_)| | | | | || (_| |  ) ) ) )
  '  |____| .__|_| |_|_| |_\__, | / / / /
 =========|_|==============|___/=/_/_/_/

 :: Spring Boot ::                (v3.3.0)

2026-03-27T20:46:39.665-06:00  INFO 15104 --- [    Test worker] f.A.c.ProductoControllerTest             : Starting ProductoControllerTest using Java 17.0.14 with PID 15104 (started by jo460 in C:\Users\jo460\IdeaProjects\AppOchoa)
2026-03-27T20:46:39.667-06:00 DEBUG 15104 --- [    Test worker] f.A.c.ProductoControllerTest             : Running with Spring Boot v3.3.0, Spring v6.1.8
2026-03-27T20:46:39.668-06:00  INFO 15104 --- [    Test worker] f.A.c.ProductoControllerTest             : No active profile set, falling back to 1 default profile: "default"
2026-03-27T20:46:41.593-06:00  WARN 15104 --- [    Test worker] .s.s.UserDetailsServiceAutoConfiguration : 

Using generated security password: 4fed9930-ab79-4456-beae-26e1cef5e401

This generated password is for development use only. Your security configuration must be updated before running your application in production.

2026-03-27T20:46:43.454-06:00  INFO 15104 --- [    Test worker] r$InitializeUserDetailsManagerConfigurer : Global AuthenticationManager configured with UserDetailsService bean with name inMemoryUserDetailsManager
2026-03-27T20:46:43.881-06:00  INFO 15104 --- [    Test worker] o.s.s.web.DefaultSecurityFilterChain     : Will secure any request with [org.springframework.security.web.session.DisableEncodeUrlFilter@47d4e28a, org.springframework.security.web.context.request.async.WebAsyncManagerIntegrationFilter@177068db, org.springframework.security.web.context.SecurityContextHolderFilter@6b2f7527, org.springframework.security.web.header.HeaderWriterFilter@6aae82cc, org.springframework.web.filter.CorsFilter@60f3239f, org.springframework.security.web.csrf.CsrfFilter@40b01718, org.springframework.security.web.authentication.logout.LogoutFilter@7eebb316, org.springframework.security.web.authentication.UsernamePasswordAuthenticationFilter@1ab1d93d, org.springframework.security.web.authentication.ui.DefaultLoginPageGeneratingFilter@3d4b45b, org.springframework.security.web.authentication.ui.DefaultLogoutPageGeneratingFilter@6b103db7, org.springframework.security.web.authentication.www.BasicAuthenticationFilter@60861e5d, org.springframework.security.web.savedrequest.RequestCacheAwareFilter@4c9cce17, org.springframework.security.web.servletapi.SecurityContextHolderAwareRequestFilter@63a7af06, org.springframework.security.web.authentication.AnonymousAuthenticationFilter@b3042ed, org.springframework.security.web.access.ExceptionTranslationFilter@15c1b543, org.springframework.security.web.access.intercept.AuthorizationFilter@55a055cc]
2026-03-27T20:46:44.043-06:00  INFO 15104 --- [    Test worker] o.s.b.t.m.w.SpringBootMockServletContext : Initializing Spring TestDispatcherServlet ''
2026-03-27T20:46:44.044-06:00  INFO 15104 --- [    Test worker] o.s.t.web.servlet.TestDispatcherServlet  : Initializing Servlet ''
2026-03-27T20:46:44.048-06:00  INFO 15104 --- [    Test worker] o.s.t.web.servlet.TestDispatcherServlet  : Completed initialization in 3 ms
2026-03-27T20:46:44.161-06:00  INFO 15104 --- [    Test worker] f.A.c.ProductoControllerTest             : Started ProductoControllerTest in 5.13 seconds (process running for 9.344)
]]></system-out>
  <system-err><![CDATA[]]></system-err>
</testsuite>
