<?xml version="1.0" encoding="UTF-8"?>
<testsuite name="farmacias.AppOchoa.serviceImplTes.VentaFelNotasCreditoServiceImplTest" tests="3" skipped="0" failures="0" errors="0" timestamp="2026-03-28T02:46:46.638Z" hostname="JULIAN" time="0.171">
  <properties/>
  <testcase name="Deberia de lanzar excepcion al eliminar una Nota de Credito" classname="farmacias.AppOchoa.serviceImplTes.VentaFelNotasCreditoServiceImplTest" time="0.145"/>
  <testcase name="Deberia de crear una Nota de Credito correctamente" classname="farmacias.AppOchoa.serviceImplTes.VentaFelNotasCreditoServiceImplTest" time="0.017"/>
  <testcase name="Deberia de buscar por Texto correctamente" classname="farmacias.AppOchoa.serviceImplTes.VentaFelNotasCreditoServiceImplTest" time="0.008"/>
  <system-out><![CDATA[]]></system-out>
  <system-err><![CDATA[]]></system-err>
</testsuite>
