<?xml version="1.0" encoding="UTF-8"?>
<testsuite name="farmacias.AppOchoa.serviceImplTes.SuscripcionPagoServiceImplTest" tests="3" skipped="0" failures="0" errors="0" timestamp="2026-03-28T02:46:46.537Z" hostname="JULIAN" time="0.012">
  <properties/>
  <testcase name="Deberia de buscar una suscripcion por texto correctamente" classname="farmacias.AppOchoa.serviceImplTes.SuscripcionPagoServiceImplTest" time="0.003"/>
  <testcase name="Deberia de crear una suscripcion correctamente" classname="farmacias.AppOchoa.serviceImplTes.SuscripcionPagoServiceImplTest" time="0.003"/>
  <testcase name="Eliminar debería lanzar UnsupportedOperationException" classname="farmacias.AppOchoa.serviceImplTes.SuscripcionPagoServiceImplTest" time="0.004"/>
  <system-out><![CDATA[]]></system-out>
  <system-err><![CDATA[]]></system-err>
</testsuite>
