<?xml version="1.0" encoding="UTF-8"?>
<testsuite name="farmacias.AppOchoa.serviceImplTes.CajaSesionesImplTest" tests="3" skipped="0" failures="0" errors="0" timestamp="2026-03-28T02:46:45.875Z" hostname="JULIAN" time="0.04">
  <properties/>
  <testcase name="Deberia lanzar una excepcion si se elimina una sesion" classname="farmacias.AppOchoa.serviceImplTes.CajaSesionesImplTest" time="0.008"/>
  <testcase name="Deberia de crear un inicio de sesion en un caja exitosamente" classname="farmacias.AppOchoa.serviceImplTes.CajaSesionesImplTest" time="0.009"/>
  <testcase name="Deberia de crear un inicio de sesion en un caja exitosamente" classname="farmacias.AppOchoa.serviceImplTes.CajaSesionesImplTest" time="0.021"/>
  <system-out><![CDATA[]]></system-out>
  <system-err><![CDATA[]]></system-err>
</testsuite>
