<?xml version="1.0" encoding="UTF-8"?>
<testsuite name="farmacias.AppOchoa.serviceImplTes.CategoriaServiceImplTest" tests="6" skipped="0" failures="0" errors="0" timestamp="2026-05-22T22:02:16.409Z" hostname="JULIAN" time="2.917">
  <properties/>
  <testcase name="Deberia de eliminar una categoria cambiandole de estado" classname="farmacias.AppOchoa.serviceImplTes.CategoriaServiceImplTest" time="2.284"/>
  <testcase name="Deberia lanzar una Excepcion si ya existe una Categoria con ese nombre" classname="farmacias.AppOchoa.serviceImplTes.CategoriaServiceImplTest" time="0.042"/>
  <testcase name="Deberia de lanzar una excepcion si buscamos un ID que no existe" classname="farmacias.AppOchoa.serviceImplTes.CategoriaServiceImplTest" time="0.01"/>
  <testcase name="Deberia de actualizar una categoria correctamente con los datos validos" classname="farmacias.AppOchoa.serviceImplTes.CategoriaServiceImplTest" time="0.558"/>
  <testcase name="Deberia de crear una categoria cuando los datos son validos" classname="farmacias.AppOchoa.serviceImplTes.CategoriaServiceImplTest" time="0.007"/>
  <testcase name="Deberia lanzar una excepcion al actualizar un ID que no existe" classname="farmacias.AppOchoa.serviceImplTes.CategoriaServiceImplTest" time="0.007"/>
  <system-out><![CDATA[]]></system-out>
  <system-err><![CDATA[]]></system-err>
</testsuite>
