<?xml version="1.0" encoding="UTF-8"?>
<testsuite name="farmacias.AppOchoa.serviceImplTes.UsuarioServiceImplTest" tests="3" skipped="0" failures="0" errors="0" timestamp="2026-03-28T02:46:46.556Z" hostname="JULIAN" time="0.074">
  <properties/>
  <testcase name="Deberia crear un usuario correctamente cuando los datos son validos" classname="farmacias.AppOchoa.serviceImplTes.UsuarioServiceImplTest" time="0.059"/>
  <testcase name="Deberia de actualizar un usuario correctamente" classname="farmacias.AppOchoa.serviceImplTes.UsuarioServiceImplTest" time="0.007"/>
  <testcase name="Deberia lanzar excepcion cuando el nombre de usuario ya existe" classname="farmacias.AppOchoa.serviceImplTes.UsuarioServiceImplTest" time="0.006"/>
  <system-out><![CDATA[]]></system-out>
  <system-err><![CDATA[]]></system-err>
</testsuite>
