<?xml version="1.0" encoding="UTF-8"?>
<testsuite name="farmacias.AppOchoa.serviceImplTes.CajaServiceImplTest" tests="4" skipped="0" failures="0" errors="0" timestamp="2026-03-28T02:46:45.750Z" hostname="JULIAN" time="0.12">
  <properties/>
  <testcase name="Deberia de crear una caja en la Farmacia" classname="farmacias.AppOchoa.serviceImplTes.CajaServiceImplTest" time="0.096"/>
  <testcase name="Deberia de lanzar una excepcion si se intenta eliminar" classname="farmacias.AppOchoa.serviceImplTes.CajaServiceImplTest" time="0.004"/>
  <testcase name="Deberia de actualizar una Caja" classname="farmacias.AppOchoa.serviceImplTes.CajaServiceImplTest" time="0.007"/>
  <testcase name="Deberia buscar por texto correctamente" classname="farmacias.AppOchoa.serviceImplTes.CajaServiceImplTest" time="0.011"/>
  <system-out><![CDATA[]]></system-out>
  <system-err><![CDATA[]]></system-err>
</testsuite>
