<?xml version="1.0" encoding="UTF-8"?>
<testsuite name="farmacias.AppOchoa.serviceImplTes.FarmaciaServiceImplTest" tests="3" skipped="0" failures="0" errors="0" timestamp="2026-03-28T02:46:46.212Z" hostname="JULIAN" time="0.039">
  <properties/>
  <testcase name="Deberia de crear una farmacia correctamente" classname="farmacias.AppOchoa.serviceImplTes.FarmaciaServiceImplTest" time="0.024"/>
  <testcase name="Deberia realizar una busqueda por texto exitosa" classname="farmacias.AppOchoa.serviceImplTes.FarmaciaServiceImplTest" time="0.01"/>
  <testcase name="Deberia de lanzar una excepcion si se  intenta eliminar una farmacia" classname="farmacias.AppOchoa.serviceImplTes.FarmaciaServiceImplTest" time="0.003"/>
  <system-out><![CDATA[]]></system-out>
  <system-err><![CDATA[]]></system-err>
</testsuite>
