<?xml version="1.0" encoding="UTF-8"?>
<testsuite name="farmacias.AppOchoa.serviceImplTes.VentaPagosServiceImplTest" tests="3" skipped="0" failures="0" errors="0" timestamp="2026-03-28T02:46:46.916Z" hostname="JULIAN" time="0.031">
  <properties/>
  <testcase name="Deberia de crear una busqueda exitosamente" classname="farmacias.AppOchoa.serviceImplTes.VentaPagosServiceImplTest" time="0.012"/>
  <testcase name="Deberia de lanzar una excepcion al eliminar una Venta Pago" classname="farmacias.AppOchoa.serviceImplTes.VentaPagosServiceImplTest" time="0.003"/>
  <testcase name="Deberia crear una ventan con pago" classname="farmacias.AppOchoa.serviceImplTes.VentaPagosServiceImplTest" time="0.015"/>
  <system-out><![CDATA[]]></system-out>
  <system-err><![CDATA[]]></system-err>
</testsuite>
